<?xml version="1.0" encoding="UTF-8"?>
<testng-results skipped="0" failed="0" ignored="0" total="5" passed="5">
  <reporter-output>
  </reporter-output>
  <suite name="Flipkart" duration-ms="59470" started-at="2022-07-15T18:51:31 IST" finished-at="2022-07-15T18:52:31 IST">
    <groups>
    </groups>
    <test name="FlipkartApp Test" duration-ms="59470" started-at="2022-07-15T18:51:31 IST" finished-at="2022-07-15T18:52:31 IST">
      <class name="com.Flipkart.testCases.TC_001_LoginTest">
        <test-method status="PASS" signature="setup(java.lang.String)[pri:0, instance:com.Flipkart.testCases.TC_001_LoginTest@3cb1ffe6]" name="setup" is-config="true" duration-ms="2907" started-at="2022-07-15T18:51:31 IST" finished-at="2022-07-15T18:51:34 IST">
          <params>
            <param index="0">
              <value>
                <![CDATA[chrome]]>
              </value>
            </param>
          </params>
          <reporter-output>
          </reporter-output>
        </test-method> <!-- setup -->
        <test-method status="PASS" signature="LoginTest()[pri:0, instance:com.Flipkart.testCases.TC_001_LoginTest@3cb1ffe6]" name="LoginTest" duration-ms="4223" started-at="2022-07-15T18:51:34 IST" finished-at="2022-07-15T18:51:39 IST">
          <reporter-output>
          </reporter-output>
        </test-method> <!-- LoginTest -->
        <test-method status="PASS" signature="tearDown()[pri:0, instance:com.Flipkart.testCases.TC_001_LoginTest@3cb1ffe6]" name="tearDown" is-config="true" duration-ms="683" started-at="2022-07-15T18:51:39 IST" finished-at="2022-07-15T18:51:39 IST">
          <reporter-output>
          </reporter-output>
        </test-method> <!-- tearDown -->
      </class> <!-- com.Flipkart.testCases.TC_001_LoginTest -->
      <class name="com.Flipkart.testCases.TC_002_LogOutTest">
        <test-method status="PASS" signature="setup(java.lang.String)[pri:0, instance:com.Flipkart.testCases.TC_002_LogOutTest@3dfc5fb8]" name="setup" is-config="true" duration-ms="1456" started-at="2022-07-15T18:51:39 IST" finished-at="2022-07-15T18:51:41 IST">
          <params>
            <param index="0">
              <value>
                <![CDATA[chrome]]>
              </value>
            </param>
          </params>
          <reporter-output>
          </reporter-output>
        </test-method> <!-- setup -->
        <test-method status="PASS" signature="LogoutTest()[pri:0, instance:com.Flipkart.testCases.TC_002_LogOutTest@3dfc5fb8]" name="LogoutTest" duration-ms="10450" started-at="2022-07-15T18:51:41 IST" finished-at="2022-07-15T18:51:51 IST">
          <reporter-output>
          </reporter-output>
        </test-method> <!-- LogoutTest -->
        <test-method status="PASS" signature="tearDown()[pri:0, instance:com.Flipkart.testCases.TC_002_LogOutTest@3dfc5fb8]" name="tearDown" is-config="true" duration-ms="660" started-at="2022-07-15T18:51:51 IST" finished-at="2022-07-15T18:51:52 IST">
          <reporter-output>
          </reporter-output>
        </test-method> <!-- tearDown -->
      </class> <!-- com.Flipkart.testCases.TC_002_LogOutTest -->
      <class name="com.Flipkart.testCases.TC_004_BecomeSellerTest">
        <test-method status="PASS" signature="setup(java.lang.String)[pri:0, instance:com.Flipkart.testCases.TC_004_BecomeSellerTest@4d50efb8]" name="setup" is-config="true" duration-ms="1417" started-at="2022-07-15T18:52:03 IST" finished-at="2022-07-15T18:52:05 IST">
          <params>
            <param index="0">
              <value>
                <![CDATA[chrome]]>
              </value>
            </param>
          </params>
          <reporter-output>
          </reporter-output>
        </test-method> <!-- setup -->
        <test-method status="PASS" signature="BecomeSellerTest()[pri:0, instance:com.Flipkart.testCases.TC_004_BecomeSellerTest@4d50efb8]" name="BecomeSellerTest" duration-ms="12100" started-at="2022-07-15T18:52:05 IST" finished-at="2022-07-15T18:52:17 IST">
          <reporter-output>
          </reporter-output>
        </test-method> <!-- BecomeSellerTest -->
        <test-method status="PASS" signature="tearDown()[pri:0, instance:com.Flipkart.testCases.TC_004_BecomeSellerTest@4d50efb8]" name="tearDown" is-config="true" duration-ms="703" started-at="2022-07-15T18:52:17 IST" finished-at="2022-07-15T18:52:17 IST">
          <reporter-output>
          </reporter-output>
        </test-method> <!-- tearDown -->
      </class> <!-- com.Flipkart.testCases.TC_004_BecomeSellerTest -->
      <class name="com.Flipkart.testCases.TC_003_CartTest">
        <test-method status="PASS" signature="setup(java.lang.String)[pri:0, instance:com.Flipkart.testCases.TC_003_CartTest@467aecef]" name="setup" is-config="true" duration-ms="1382" started-at="2022-07-15T18:51:52 IST" finished-at="2022-07-15T18:51:53 IST">
          <params>
            <param index="0">
              <value>
                <![CDATA[chrome]]>
              </value>
            </param>
          </params>
          <reporter-output>
          </reporter-output>
        </test-method> <!-- setup -->
        <test-method status="PASS" signature="CartTest()[pri:0, instance:com.Flipkart.testCases.TC_003_CartTest@467aecef]" name="CartTest" duration-ms="9295" started-at="2022-07-15T18:51:53 IST" finished-at="2022-07-15T18:52:02 IST">
          <reporter-output>
          </reporter-output>
        </test-method> <!-- CartTest -->
        <test-method status="PASS" signature="tearDown()[pri:0, instance:com.Flipkart.testCases.TC_003_CartTest@467aecef]" name="tearDown" is-config="true" duration-ms="690" started-at="2022-07-15T18:52:02 IST" finished-at="2022-07-15T18:52:03 IST">
          <reporter-output>
          </reporter-output>
        </test-method> <!-- tearDown -->
      </class> <!-- com.Flipkart.testCases.TC_003_CartTest -->
      <class name="com.Flipkart.testCases.TC_005_SelectToyTest">
        <test-method status="PASS" signature="setup(java.lang.String)[pri:0, instance:com.Flipkart.testCases.TC_005_SelectToyTest@7e2d773b]" name="setup" is-config="true" duration-ms="1363" started-at="2022-07-15T18:52:17 IST" finished-at="2022-07-15T18:52:19 IST">
          <params>
            <param index="0">
              <value>
                <![CDATA[chrome]]>
              </value>
            </param>
          </params>
          <reporter-output>
          </reporter-output>
        </test-method> <!-- setup -->
        <test-method status="PASS" signature="SelectToyTest()[pri:0, instance:com.Flipkart.testCases.TC_005_SelectToyTest@7e2d773b]" name="SelectToyTest" duration-ms="11215" started-at="2022-07-15T18:52:19 IST" finished-at="2022-07-15T18:52:30 IST">
          <reporter-output>
          </reporter-output>
        </test-method> <!-- SelectToyTest -->
        <test-method status="PASS" signature="tearDown()[pri:0, instance:com.Flipkart.testCases.TC_005_SelectToyTest@7e2d773b]" name="tearDown" is-config="true" duration-ms="660" started-at="2022-07-15T18:52:30 IST" finished-at="2022-07-15T18:52:31 IST">
          <reporter-output>
          </reporter-output>
        </test-method> <!-- tearDown -->
      </class> <!-- com.Flipkart.testCases.TC_005_SelectToyTest -->
    </test> <!-- FlipkartApp Test -->
  </suite> <!-- Flipkart -->
</testng-results>
