<?xml version="1.0" encoding="UTF-8"?>
<!-- Generated by org.testng.reporters.JUnitXMLReporter -->
<testsuite hostname="DESKTOP-7HVSB5O" ignored="0" name="FlipkartApp Test" tests="5" failures="0" timestamp="2022-07-15T18:52:31 IST" time="59.47" errors="0">
  <testcase name="LoginTest" time="4.223" classname="com.Flipkart.testCases.TC_001_LoginTest"/>
  <testcase name="LogoutTest" time="10.45" classname="com.Flipkart.testCases.TC_002_LogOutTest"/>
  <testcase name="CartTest" time="9.295" classname="com.Flipkart.testCases.TC_003_CartTest"/>
  <testcase name="BecomeSellerTest" time="12.1" classname="com.Flipkart.testCases.TC_004_BecomeSellerTest"/>
  <testcase name="SelectToyTest" time="11.215" classname="com.Flipkart.testCases.TC_005_SelectToyTest"/>
</testsuite> <!-- FlipkartApp Test -->
